[debug] [2023-12-24T04:41:08.778Z] ----------------------------------------------------------------------
[debug] [2023-12-24T04:41:08.781Z] Command:       C:\Program Files\nodejs\node.exe C:\Program Files\nodejs\node_modules\firebase-tools\lib\bin\firebase.js init
[debug] [2023-12-24T04:41:08.782Z] CLI Version:   13.0.2
[debug] [2023-12-24T04:41:08.782Z] Platform:      win32
[debug] [2023-12-24T04:41:08.782Z] Node Version:  v21.1.0
[debug] [2023-12-24T04:41:08.782Z] Time:          Sun Dec 24 2023 10:11:08 GMT+0530 (India Standard Time)
[debug] [2023-12-24T04:41:08.782Z] ----------------------------------------------------------------------
[debug] 
[debug] [2023-12-24T04:41:08.803Z] > command requires scopes: ["email","openid","https://www.googleapis.com/auth/cloudplatformprojects.readonly","https://www.googleapis.com/auth/firebase","https://www.googleapis.com/auth/cloud-platform"]
[debug] [2023-12-24T04:41:08.804Z] > authorizing via signed-in user (akashmandal6297@gmail.com)
[info] 
     ######## #### ########  ######## ########     ###     ######  ########
     ##        ##  ##     ## ##       ##     ##  ##   ##  ##       ##
     ######    ##  ########  ######   ########  #########  ######  ######
     ##        ##  ##    ##  ##       ##     ## ##     ##       ## ##
     ##       #### ##     ## ######## ########  ##     ##  ######  ########

You're about to initialize a Firebase project in this directory:

  C:\Users\Akash Mandal\OneDrive\Pictures\Desktop\PROJECT\expensazen

[info] 
=== Project Setup
[info] 
[info] First, let's associate this project directory with a Firebase project.
[info] You can create multiple project aliases by running firebase use --add, 
[info] but for now we'll just set up a default project.
[info] 
